<?xml version="1.0" encoding="UTF-8"?>
<testsuite xmlns:xsi="http://www.w3.org/2001/XMLSchema-instance" xsi:noNamespaceSchemaLocation="https://maven.apache.org/surefire/maven-surefire-plugin/xsd/surefire-test-report-3.0.xsd" version="3.0" name="LoyaltyDiscountEngineTest" time="0.001" tests="10" errors="0" skipped="0" failures="0">
  <properties>
[...]
</properties>
  <testcase name="testClienteSilver" classname="LoyaltyDiscountEngineTest" time="0.0"/>
  <testcase name="testPromocionActiva" classname="LoyaltyDiscountEngineTest" time="0.0"/>
  <testcase name="testExcepcionPorClienteNulo" classname="LoyaltyDiscountEngineTest" time="0.0"/>
  <testcase name="testMasDe100Ordenes" classname="LoyaltyDiscountEngineTest" time="0.0"/>
  <testcase name="testDescuentoMaximo" classname="LoyaltyDiscountEngineTest" time="0.0"/>
  <testcase name="testBusquedaPorId" classname="LoyaltyDiscountEngineTest" time="0.0"/>
  <testcase name="testAntiguedadMayor5Anios" classname="LoyaltyDiscountEngineTest" time="0.0"/>
  <testcase name="testRegistroEnLogs" classname="LoyaltyDiscountEngineTest" time="0.0"/>
  <testcase name="testDescuentoNulo" classname="LoyaltyDiscountEngineTest" time="0.0"/>
  <testcase name="testExcepcionPorIdFaltante" classname="LoyaltyDiscountEngineTest" time="0.0"/>
</testsuite>